<?xml version="1.0" encoding="UTF-8"?>
<testsuite xmlns:xsi="http://www.w3.org/2001/XMLSchema-instance" xsi:noNamespaceSchemaLocation="https://maven.apache.org/surefire/maven-surefire-plugin/xsd/surefire-test-report.xsd" name="com.juliano.clustering.AppTest" time="0.007" tests="1" errors="0" skipped="0" failures="0">
  <properties>
    <property name="java.specification.version" value="21"/>
    <property name="sun.jnu.encoding" value="UTF-8"/>
    <property name="java.class.path" value="/Users/hetvivaghela/Desktop/Clustering-Testing/target/test-classes:/Users/hetvivaghela/Desktop/Clustering-Testing/target/classes:/Users/hetvivaghela/.m2/repository/junit/junit/3.8.1/junit-3.8.1.jar:/Users/hetvivaghela/.m2/repository/net/sourceforge/javaml/0.1.7/javaml-0.1.7.jar:/Users/hetvivaghela/.m2/repository/gov/nist/math/jama/1.0.3/jama-1.0.3.jar:/Users/hetvivaghela/.m2/repository/org/apache/commons/commons-math/2.2/commons-math-2.2.jar:/Users/hetvivaghela/.m2/repository/tw/edu/ntu/csie/libsvm/3.31/libsvm-3.31.jar:/Users/hetvivaghela/.m2/repository/nz/ac/waikato/cms/weka/weka-stable/3.8.6/weka-stable-3.8.6.jar:/Users/hetvivaghela/.m2/repository/com/github/vbmacher/java-cup/11b-20160615/java-cup-11b-20160615.jar:/Users/hetvivaghela/.m2/repository/com/github/vbmacher/java-cup-runtime/11b-20160615/java-cup-runtime-11b-20160615.jar:/Users/hetvivaghela/.m2/repository/nz/ac/waikato/cms/weka/thirdparty/bounce/0.18/bounce-0.18.jar:/Users/hetvivaghela/.m2/repository/com/googlecode/matrix-toolkits-java/mtj/1.0.4/mtj-1.0.4.jar:/Users/hetvivaghela/.m2/repository/com/github/fommil/netlib/netlib-native_ref-osx-x86_64/1.1/netlib-native_ref-osx-x86_64-1.1-natives.jar:/Users/hetvivaghela/.m2/repository/com/github/fommil/netlib/native_ref-java/1.1/native_ref-java-1.1.jar:/Users/hetvivaghela/.m2/repository/com/github/fommil/jniloader/1.1/jniloader-1.1.jar:/Users/hetvivaghela/.m2/repository/com/github/fommil/netlib/netlib-native_ref-linux-x86_64/1.1/netlib-native_ref-linux-x86_64-1.1-natives.jar:/Users/hetvivaghela/.m2/repository/com/github/fommil/netlib/netlib-native_ref-linux-i686/1.1/netlib-native_ref-linux-i686-1.1-natives.jar:/Users/hetvivaghela/.m2/repository/com/github/fommil/netlib/netlib-native_ref-win-x86_64/1.1/netlib-native_ref-win-x86_64-1.1-natives.jar:/Users/hetvivaghela/.m2/repository/com/github/fommil/netlib/netlib-native_ref-win-i686/1.1/netlib-native_ref-win-i686-1.1-natives.jar:/Users/hetvivaghela/.m2/repository/com/github/fommil/netlib/netlib-native_ref-linux-armhf/1.1/netlib-native_ref-linux-armhf-1.1-natives.jar:/Users/hetvivaghela/.m2/repository/com/github/fommil/netlib/netlib-native_system-osx-x86_64/1.1/netlib-native_system-osx-x86_64-1.1-natives.jar:/Users/hetvivaghela/.m2/repository/com/github/fommil/netlib/native_system-java/1.1/native_system-java-1.1.jar:/Users/hetvivaghela/.m2/repository/com/github/fommil/netlib/netlib-native_system-linux-x86_64/1.1/netlib-native_system-linux-x86_64-1.1-natives.jar:/Users/hetvivaghela/.m2/repository/com/github/fommil/netlib/netlib-native_system-linux-i686/1.1/netlib-native_system-linux-i686-1.1-natives.jar:/Users/hetvivaghela/.m2/repository/com/github/fommil/netlib/netlib-native_system-linux-armhf/1.1/netlib-native_system-linux-armhf-1.1-natives.jar:/Users/hetvivaghela/.m2/repository/com/github/fommil/netlib/netlib-native_system-win-x86_64/1.1/netlib-native_system-win-x86_64-1.1-natives.jar:/Users/hetvivaghela/.m2/repository/com/github/fommil/netlib/netlib-native_system-win-i686/1.1/netlib-native_system-win-i686-1.1-natives.jar:/Users/hetvivaghela/.m2/repository/net/sourceforge/f2j/arpack_combined_all/0.1/arpack_combined_all-0.1.jar:/Users/hetvivaghela/.m2/repository/com/googlecode/netlib-java/netlib-java/1.1/netlib-java-1.1.jar:/Users/hetvivaghela/.m2/repository/com/github/fommil/netlib/core/1.1/core-1.1.jar:/Users/hetvivaghela/.m2/repository/com/github/fracpete/jfilechooser-bookmarks/0.1.6/jfilechooser-bookmarks-0.1.6.jar:/Users/hetvivaghela/.m2/repository/com/github/fracpete/jclipboardhelper/0.1.0/jclipboardhelper-0.1.0.jar:/Users/hetvivaghela/.m2/repository/com/sun/istack/istack-commons-runtime/3.0.12/istack-commons-runtime-3.0.12.jar:/Users/hetvivaghela/.m2/repository/jakarta/activation/jakarta.activation-api/1.2.2/jakarta.activation-api-1.2.2.jar:/Users/hetvivaghela/.m2/repository/jakarta/xml/bind/jakarta.xml.bind-api/2.3.3/jakarta.xml.bind-api-2.3.3.jar:/Users/hetvivaghela/.m2/repository/org/glassfish/jaxb/jaxb-runtime/2.3.5/jaxb-runtime-2.3.5.jar:/Users/hetvivaghela/.m2/repository/org/glassfish/jaxb/txw2/2.3.5/txw2-2.3.5.jar:/Users/hetvivaghela/.m2/repository/com/sun/activation/jakarta.activation/1.2.2/jakarta.activation-1.2.2.jar:/Users/hetvivaghela/.m2/repository/com/formdev/flatlaf/2.0/flatlaf-2.0.jar:/Users/hetvivaghela/Desktop/Clustering-Testing/lib/ajt-2.9.jar:"/>
    <property name="java.vm.vendor" value="Oracle Corporation"/>
    <property name="sun.arch.data.model" value="64"/>
    <property name="java.vendor.url" value="https://java.oracle.com/"/>
    <property name="os.name" value="Mac OS X"/>
    <property name="java.vm.specification.version" value="21"/>
    <property name="sun.java.launcher" value="SUN_STANDARD"/>
    <property name="user.country" value="CA"/>
    <property name="sun.boot.library.path" value="/Library/Java/JavaVirtualMachines/jdk-21.jdk/Contents/Home/lib"/>
    <property name="sun.java.command" value="/Users/hetvivaghela/Desktop/Clustering-Testing/target/surefire/surefirebooter6446610197900516683.jar /Users/hetvivaghela/Desktop/Clustering-Testing/target/surefire 2024-03-12T23-25-49_753-jvmRun1 surefire3198682345857631588tmp surefire_05977227987616140622tmp"/>
    <property name="http.nonProxyHosts" value="local|*.local|169.254/16|*.169.254/16"/>
    <property name="jdk.debug" value="release"/>
    <property name="surefire.test.class.path" value="/Users/hetvivaghela/Desktop/Clustering-Testing/target/test-classes:/Users/hetvivaghela/Desktop/Clustering-Testing/target/classes:/Users/hetvivaghela/.m2/repository/junit/junit/3.8.1/junit-3.8.1.jar:/Users/hetvivaghela/.m2/repository/net/sourceforge/javaml/0.1.7/javaml-0.1.7.jar:/Users/hetvivaghela/.m2/repository/gov/nist/math/jama/1.0.3/jama-1.0.3.jar:/Users/hetvivaghela/.m2/repository/org/apache/commons/commons-math/2.2/commons-math-2.2.jar:/Users/hetvivaghela/.m2/repository/tw/edu/ntu/csie/libsvm/3.31/libsvm-3.31.jar:/Users/hetvivaghela/.m2/repository/nz/ac/waikato/cms/weka/weka-stable/3.8.6/weka-stable-3.8.6.jar:/Users/hetvivaghela/.m2/repository/com/github/vbmacher/java-cup/11b-20160615/java-cup-11b-20160615.jar:/Users/hetvivaghela/.m2/repository/com/github/vbmacher/java-cup-runtime/11b-20160615/java-cup-runtime-11b-20160615.jar:/Users/hetvivaghela/.m2/repository/nz/ac/waikato/cms/weka/thirdparty/bounce/0.18/bounce-0.18.jar:/Users/hetvivaghela/.m2/repository/com/googlecode/matrix-toolkits-java/mtj/1.0.4/mtj-1.0.4.jar:/Users/hetvivaghela/.m2/repository/com/github/fommil/netlib/netlib-native_ref-osx-x86_64/1.1/netlib-native_ref-osx-x86_64-1.1-natives.jar:/Users/hetvivaghela/.m2/repository/com/github/fommil/netlib/native_ref-java/1.1/native_ref-java-1.1.jar:/Users/hetvivaghela/.m2/repository/com/github/fommil/jniloader/1.1/jniloader-1.1.jar:/Users/hetvivaghela/.m2/repository/com/github/fommil/netlib/netlib-native_ref-linux-x86_64/1.1/netlib-native_ref-linux-x86_64-1.1-natives.jar:/Users/hetvivaghela/.m2/repository/com/github/fommil/netlib/netlib-native_ref-linux-i686/1.1/netlib-native_ref-linux-i686-1.1-natives.jar:/Users/hetvivaghela/.m2/repository/com/github/fommil/netlib/netlib-native_ref-win-x86_64/1.1/netlib-native_ref-win-x86_64-1.1-natives.jar:/Users/hetvivaghela/.m2/repository/com/github/fommil/netlib/netlib-native_ref-win-i686/1.1/netlib-native_ref-win-i686-1.1-natives.jar:/Users/hetvivaghela/.m2/repository/com/github/fommil/netlib/netlib-native_ref-linux-armhf/1.1/netlib-native_ref-linux-armhf-1.1-natives.jar:/Users/hetvivaghela/.m2/repository/com/github/fommil/netlib/netlib-native_system-osx-x86_64/1.1/netlib-native_system-osx-x86_64-1.1-natives.jar:/Users/hetvivaghela/.m2/repository/com/github/fommil/netlib/native_system-java/1.1/native_system-java-1.1.jar:/Users/hetvivaghela/.m2/repository/com/github/fommil/netlib/netlib-native_system-linux-x86_64/1.1/netlib-native_system-linux-x86_64-1.1-natives.jar:/Users/hetvivaghela/.m2/repository/com/github/fommil/netlib/netlib-native_system-linux-i686/1.1/netlib-native_system-linux-i686-1.1-natives.jar:/Users/hetvivaghela/.m2/repository/com/github/fommil/netlib/netlib-native_system-linux-armhf/1.1/netlib-native_system-linux-armhf-1.1-natives.jar:/Users/hetvivaghela/.m2/repository/com/github/fommil/netlib/netlib-native_system-win-x86_64/1.1/netlib-native_system-win-x86_64-1.1-natives.jar:/Users/hetvivaghela/.m2/repository/com/github/fommil/netlib/netlib-native_system-win-i686/1.1/netlib-native_system-win-i686-1.1-natives.jar:/Users/hetvivaghela/.m2/repository/net/sourceforge/f2j/arpack_combined_all/0.1/arpack_combined_all-0.1.jar:/Users/hetvivaghela/.m2/repository/com/googlecode/netlib-java/netlib-java/1.1/netlib-java-1.1.jar:/Users/hetvivaghela/.m2/repository/com/github/fommil/netlib/core/1.1/core-1.1.jar:/Users/hetvivaghela/.m2/repository/com/github/fracpete/jfilechooser-bookmarks/0.1.6/jfilechooser-bookmarks-0.1.6.jar:/Users/hetvivaghela/.m2/repository/com/github/fracpete/jclipboardhelper/0.1.0/jclipboardhelper-0.1.0.jar:/Users/hetvivaghela/.m2/repository/com/sun/istack/istack-commons-runtime/3.0.12/istack-commons-runtime-3.0.12.jar:/Users/hetvivaghela/.m2/repository/jakarta/activation/jakarta.activation-api/1.2.2/jakarta.activation-api-1.2.2.jar:/Users/hetvivaghela/.m2/repository/jakarta/xml/bind/jakarta.xml.bind-api/2.3.3/jakarta.xml.bind-api-2.3.3.jar:/Users/hetvivaghela/.m2/repository/org/glassfish/jaxb/jaxb-runtime/2.3.5/jaxb-runtime-2.3.5.jar:/Users/hetvivaghela/.m2/repository/org/glassfish/jaxb/txw2/2.3.5/txw2-2.3.5.jar:/Users/hetvivaghela/.m2/repository/com/sun/activation/jakarta.activation/1.2.2/jakarta.activation-1.2.2.jar:/Users/hetvivaghela/.m2/repository/com/formdev/flatlaf/2.0/flatlaf-2.0.jar:/Users/hetvivaghela/Desktop/Clustering-Testing/lib/ajt-2.9.jar:"/>
    <property name="sun.cpu.endian" value="little"/>
    <property name="user.home" value="/Users/hetvivaghela"/>
    <property name="user.language" value="en"/>
    <property name="java.specification.vendor" value="Oracle Corporation"/>
    <property name="java.version.date" value="2024-01-16"/>
    <property name="java.home" value="/Library/Java/JavaVirtualMachines/jdk-21.jdk/Contents/Home"/>
    <property name="file.separator" value="/"/>
    <property name="basedir" value="/Users/hetvivaghela/Desktop/Clustering-Testing"/>
    <property name="java.vm.compressedOopsMode" value="Zero based"/>
    <property name="line.separator" value="&#10;"/>
    <property name="java.vm.specification.vendor" value="Oracle Corporation"/>
    <property name="java.specification.name" value="Java Platform API Specification"/>
    <property name="apple.awt.application.name" value="ForkedBooter"/>
    <property name="surefire.real.class.path" value="/Users/hetvivaghela/Desktop/Clustering-Testing/target/surefire/surefirebooter6446610197900516683.jar"/>
    <property name="sun.management.compiler" value="HotSpot 64-Bit Tiered Compilers"/>
    <property name="ftp.nonProxyHosts" value="local|*.local|169.254/16|*.169.254/16"/>
    <property name="java.runtime.version" value="21.0.2+13-LTS-58"/>
    <property name="user.name" value="hetvivaghela"/>
    <property name="stdout.encoding" value="UTF-8"/>
    <property name="path.separator" value=":"/>
    <property name="os.version" value="14.1.1"/>
    <property name="java.runtime.name" value="Java(TM) SE Runtime Environment"/>
    <property name="file.encoding" value="UTF-8"/>
    <property name="java.vm.name" value="Java HotSpot(TM) 64-Bit Server VM"/>
    <property name="localRepository" value="/Users/hetvivaghela/.m2/repository"/>
    <property name="java.vendor.url.bug" value="https://bugreport.java.com/bugreport/"/>
    <property name="java.io.tmpdir" value="/var/folders/l0/_y_f9df176l5261ckxzqkb4c0000gn/T/"/>
    <property name="java.version" value="21.0.2"/>
    <property name="user.dir" value="/Users/hetvivaghela/Desktop/Clustering-Testing"/>
    <property name="os.arch" value="aarch64"/>
    <property name="java.vm.specification.name" value="Java Virtual Machine Specification"/>
    <property name="native.encoding" value="UTF-8"/>
    <property name="java.library.path" value="/Users/hetvivaghela/Library/Java/Extensions:/Library/Java/Extensions:/Network/Library/Java/Extensions:/System/Library/Java/Extensions:/usr/lib/java:."/>
    <property name="java.vm.info" value="mixed mode, sharing"/>
    <property name="stderr.encoding" value="UTF-8"/>
    <property name="java.vendor" value="Oracle Corporation"/>
    <property name="java.vm.version" value="21.0.2+13-LTS-58"/>
    <property name="sun.io.unicode.encoding" value="UnicodeBig"/>
    <property name="socksNonProxyHosts" value="local|*.local|169.254/16|*.169.254/16"/>
    <property name="java.class.version" value="65.0"/>
  </properties>
  <testcase name="testApp" classname="com.juliano.clustering.AppTest" time="0.002"/>
</testsuite>